<?xml version="1.0" encoding="UTF-8"?>
<!-- Generated by org.testng.reporters.JUnitReportReporter -->
<testsuite hostname="DESKTOP-GMLFDQE" failures="0" tests="2" name="org.letcode.test.TC001login" time="22.929" errors="0" timestamp="03 Feb 2022 16:01:11 GMT" skipped="0">
  <testcase classname="org.letcode.test.TC001login" name="LoginTest" time="12.353"/>
  <testcase classname="org.letcode.test.TC001login" name="LoginTest" time="10.576"/>
</testsuite> <!-- org.letcode.test.TC001login -->
