<?xml version="1.0" encoding="UTF-8"?>
<!-- Generated by org.testng.reporters.JUnitReportReporter -->
<testsuite hostname="DESKTOP-GMLFDQE" failures="0" tests="1" name="assesssment.GoogleTest" time="10.150" errors="0" timestamp="23 Feb 2022 16:32:30 GMT" skipped="0">
  <testcase classname="assesssment.GoogleTest" name="logingoogle" time="10.150"/>
</testsuite> <!-- assesssment.GoogleTest -->
